<?xml version="1.0" encoding="utf-8" standalone="no"?>
<!--This file represents the results of running a test suite-->
<test-results name="C:\Users\Chris Gungaloo\Documents\Visual Studio 2015\Projects\Twitter_Test\Twitter_Test\bin\Debug\Twitter_Test.dll" total="3" errors="0" failures="0" not-run="1" inconclusive="0" ignored="1" skipped="0" invalid="0" date="2016-05-06" time="17:09:16">
  <environment nunit-version="2.6.4.14350" clr-version="2.0.50727.8689" os-version="Microsoft Windows NT 6.2.9200.0" platform="Win32NT" cwd="C:\Users\Chris Gungaloo\Documents\Visual Studio 2015\Projects\Twitter_Test" machine-name="QAWORKS-000208" user="Chris Gungaloo" user-domain="QAWorks-000208" />
  <culture-info current-culture="en-GB" current-uiculture="en-GB" />
  <test-suite type="Assembly" name="C:\Users\Chris Gungaloo\Documents\Visual Studio 2015\Projects\Twitter_Test\Twitter_Test\bin\Debug\Twitter_Test.dll" executed="True" result="Success" success="True" time="106.674" asserts="0">
    <results>
      <test-suite type="Namespace" name="Twitter_Test" executed="True" result="Success" success="True" time="106.654" asserts="0">
        <results>
          <test-suite type="Namespace" name="FeatureFiles" executed="True" result="Success" success="True" time="106.652" asserts="0">
            <results>
              <test-suite type="TestFixture" name="LoginFeature" description="Login" executed="True" result="Success" success="True" time="47.563" asserts="0">
                <results>
                  <test-case name="Twitter_Test.FeatureFiles.LoginFeature.IncorrectLogin" description="Incorrect Login" executed="False" result="Ignored">
                    <reason>
                      <message><![CDATA[Ignored scenario]]></message>
                    </reason>
                  </test-case>
                  <test-case name="Twitter_Test.FeatureFiles.LoginFeature.Login" description="Login" executed="True" result="Success" success="True" time="46.551" asserts="2">
                    <categories>
                      <category name="loginScreen" />
                      <category name="logout" />
                    </categories>
                  </test-case>
                </results>
              </test-suite>
              <test-suite type="TestFixture" name="TweetTextFeature" description="TweetText" executed="True" result="Success" success="True" time="58.930" asserts="0">
                <categories>
                  <category name="BeforeTweet" />
                  <category name="AfterTweet" />
                </categories>
                <results>
                  <test-case name="Twitter_Test.FeatureFiles.TweetTextFeature.SendFirstTweet" description="Send First Tweet" executed="True" result="Success" success="True" time="9.278" asserts="1" />
                  <test-case name="Twitter_Test.FeatureFiles.TweetTextFeature.SendSecondTweet" description="Send Second Tweet" executed="True" result="Success" success="True" time="8.133" asserts="1" />
                </results>
              </test-suite>
            </results>
          </test-suite>
        </results>
      </test-suite>
    </results>
  </test-suite>
</test-results>